#
# There is insufficient memory for the Java Runtime Environment to continue.
# Native memory allocation (mmap) failed to map 4161536 bytes for G1 virtual space
# Possible reasons:
#   The system is out of physical RAM or swap space
#   The process is running with CompressedOops enabled, and the Java Heap may be blocking the growth of the native heap
# Possible solutions:
#   Reduce memory load on the system
#   Increase physical memory or swap space
#   Check if swap backing store is full
#   Decrease Java heap size (-Xmx/-Xms)
#   Decrease number of Java threads
#   Decrease Java thread stack sizes (-Xss)
#   Set larger code cache with -XX:ReservedCodeCacheSize=
#   JVM is running with Zero Based Compressed Oops mode in which the Java heap is
#     placed in the first 32GB address space. The Java Heap base address is the
#     maximum limit for the native heap growth. Please use -XX:HeapBaseMinAddress
#     to set the Java Heap base and to place the Java Heap above 32GB virtual address.
# This output file may be truncated or incomplete.
#
#  Out of Memory Error (os_windows.cpp:3466), pid=18388, tid=19028
#
# JRE version:  (16.0+36) (build )
# Java VM: Java HotSpot(TM) 64-Bit Server VM (16+36-2231, mixed mode, sharing, tiered, compressed oops, g1 gc, windows-amd64)
# No core dump will be written. Minidumps are not enabled by default on client versions of Windows
#

---------------  S U M M A R Y ------------

Command Line: os2.PC

Host: Intel(R) Core(TM) i5-9300H CPU @ 2.40GHz, 8 cores, 15G,  Windows 10 , 64 bit Build 19041 (10.0.19041.1889)
Time: Fri Aug 19 00:16:38 2022 Egypt Standard Time elapsed time: 0.008054 seconds (0d 0h 0m 0s)

---------------  T H R E A D  ---------------

Current thread (0x000001f81c32c3a0):  JavaThread "Unknown thread" [_thread_in_vm, id=19028, stack(0x000000ea3a300000,0x000000ea3a400000)]

Stack: [0x000000ea3a300000,0x000000ea3a400000]
Native frames: (J=compiled Java code, j=interpreted, Vv=VM code, C=native code)
V  [jvm.dll+0x6681da]
V  [jvm.dll+0x7c9d99]
V  [jvm.dll+0x7cb4d3]
V  [jvm.dll+0x7cbb33]
V  [jvm.dll+0x242ee5]
V  [jvm.dll+0x664f99]
V  [jvm.dll+0x659b85]
V  [jvm.dll+0x2fbfcb]
V  [jvm.dll+0x3031c6]
V  [jvm.dll+0x352a38]
V  [jvm.dll+0x352c3f]
V  [jvm.dll+0x2d3038]
V  [jvm.dll+0x2d4274]
V  [jvm.dll+0x79c691]
V  [jvm.dll+0x3607b1]
V  [jvm.dll+0x77a370]
V  [jvm.dll+0x3e501f]
V  [jvm.dll+0x3e6af1]
C  [jli.dll+0x52fb]
C  [ucrtbase.dll+0x21bb2]
C  [KERNEL32.DLL+0x17034]
C  [ntdll.dll+0x52651]


---------------  P R O C E S S  ---------------

Threads class SMR info:
_java_thread_list=0x00007ff8035ccbb8, length=0, elements={
}

Java Threads: ( => current thread )

Other Threads:
  0x000001f81c37afd0 GCTaskThread "GC Thread#0" [stack: 0x000000ea3a400000,0x000000ea3a500000] [id=16716]
  0x000001f81c38be60 ConcurrentGCThread "G1 Main Marker" [stack: 0x000000ea3a500000,0x000000ea3a600000] [id=17256]
  0x000001f81c38d0f0 ConcurrentGCThread "G1 Conc#0" [stack: 0x000000ea3a600000,0x000000ea3a700000] [id=9012]

[error occurred during error reporting (printing all threads), id 0xc0000005, EXCEPTION_ACCESS_VIOLATION (0xc0000005) at pc=0x00007ff802da3ef7]

VM state: not at safepoint (not fully initialized)

VM Mutex/Monitor currently owned by a thread:  ([mutex/lock_event])
[0x000001f81c326f10] Heap_lock - owner thread: 0x000001f81c32c3a0

Heap address: 0x0000000702a00000, size: 4054 MB, Compressed Oops mode: Zero based, Oop shift amount: 3
CDS archive(s) mapped at: [0x0000000000000000-0x0000000000000000-0x0000000000000000), size 0, SharedBaseAddress: 0x0000000800000000, ArchiveRelocationMode: 0.
Narrow klass base: 0x0000000000000000, Narrow klass shift: 0, Narrow klass range: 0x0

GC Precious Log:
<Empty>

Heap:
 garbage-first heap   total 0K, used 0K [0x0000000702a00000, 0x0000000800000000)
  region size 2048K, 0 young (0K), 0 survivors (0K)

[error occurred during error reporting (printing heap information), id 0xc0000005, EXCEPTION_ACCESS_VIOLATION (0xc0000005) at pc=0x00007ff803181edd]

GC Heap History (0 events):
No events

Deoptimization events (0 events):
No events

Classes unloaded (0 events):
No events

Classes redefined (0 events):
No events

Internal exceptions (0 events):
No events

Events (1 events):
Event: 0.005 Loaded shared library C:\Program Files\Java\jdk-16\bin\java.dll


Dynamic libraries:
0x00007ff7fc6a0000 - 0x00007ff7fc6b0000 	C:\Program Files\Java\jdk-16\bin\java.exe
0x00007ff875fb0000 - 0x00007ff8761a8000 	C:\WINDOWS\SYSTEM32\ntdll.dll
0x00007ff874380000 - 0x00007ff87443d000 	C:\WINDOWS\System32\KERNEL32.DLL
0x00007ff873830000 - 0x00007ff873afe000 	C:\WINDOWS\System32\KERNELBASE.dll
0x00007ff873c50000 - 0x00007ff873d50000 	C:\WINDOWS\System32\ucrtbase.dll
0x00007ff869bd0000 - 0x00007ff869be9000 	C:\Program Files\Java\jdk-16\bin\VCRUNTIME140.dll
0x00007ff86a0f0000 - 0x00007ff86a108000 	C:\Program Files\Java\jdk-16\bin\jli.dll
0x00007ff875e90000 - 0x00007ff875f3e000 	C:\WINDOWS\System32\ADVAPI32.dll
0x00007ff874240000 - 0x00007ff8742de000 	C:\WINDOWS\System32\msvcrt.dll
0x00007ff874440000 - 0x00007ff8744dc000 	C:\WINDOWS\System32\sechost.dll
0x00007ff875bc0000 - 0x00007ff875ce5000 	C:\WINDOWS\System32\RPCRT4.dll
0x00007ff875cf0000 - 0x00007ff875e90000 	C:\WINDOWS\System32\USER32.dll
0x00007ff84c1f0000 - 0x00007ff84c48a000 	C:\WINDOWS\WinSxS\amd64_microsoft.windows.common-controls_6595b64144ccf1df_6.0.19041.1110_none_60b5254171f9507e\COMCTL32.dll
0x00007ff873f40000 - 0x00007ff873f62000 	C:\WINDOWS\System32\win32u.dll
0x00007ff875f40000 - 0x00007ff875f6a000 	C:\WINDOWS\System32\GDI32.dll
0x00007ff873d50000 - 0x00007ff873e5b000 	C:\WINDOWS\System32\gdi32full.dll
0x00007ff873f70000 - 0x00007ff87400d000 	C:\WINDOWS\System32\msvcp_win.dll
0x00007ff869670000 - 0x00007ff86967a000 	C:\WINDOWS\SYSTEM32\VERSION.dll
0x00007ff874350000 - 0x00007ff874380000 	C:\WINDOWS\System32\IMM32.DLL
0x00007ff869ee0000 - 0x00007ff869eec000 	C:\Program Files\Java\jdk-16\bin\vcruntime140_1.dll
0x00007ff867ac0000 - 0x00007ff867b51000 	C:\Program Files\Java\jdk-16\bin\msvcp140.dll
0x00007ff802ac0000 - 0x00007ff80366b000 	C:\Program Files\Java\jdk-16\bin\server\jvm.dll
0x00007ff875250000 - 0x00007ff875258000 	C:\WINDOWS\System32\PSAPI.DLL
0x00007ff869f20000 - 0x00007ff869f29000 	C:\WINDOWS\SYSTEM32\WSOCK32.dll
0x00007ff85c660000 - 0x00007ff85c687000 	C:\WINDOWS\SYSTEM32\WINMM.dll
0x00007ff8742e0000 - 0x00007ff87434b000 	C:\WINDOWS\System32\WS2_32.dll
0x00007ff871f60000 - 0x00007ff871f72000 	C:\WINDOWS\SYSTEM32\kernel.appcore.dll
0x00007ff869bc0000 - 0x00007ff869bca000 	C:\Program Files\Java\jdk-16\bin\jimage.dll
0x00007ff871c90000 - 0x00007ff871e74000 	C:\WINDOWS\SYSTEM32\DBGHELP.DLL
0x00007ff861400000 - 0x00007ff86142c000 	C:\WINDOWS\SYSTEM32\dbgcore.DLL
0x00007ff873b00000 - 0x00007ff873b82000 	C:\WINDOWS\System32\bcryptPrimitives.dll
0x00007ff869600000 - 0x00007ff869625000 	C:\Program Files\Java\jdk-16\bin\java.dll

dbghelp: loaded successfully - version: 4.0.5 - missing functions: none
symbol engine: initialized successfully - sym options: 0x614 - pdb path: .;C:\Program Files\Java\jdk-16\bin;C:\WINDOWS\SYSTEM32;C:\WINDOWS\WinSxS\amd64_microsoft.windows.common-controls_6595b64144ccf1df_6.0.19041.1110_none_60b5254171f9507e;C:\Program Files\Java\jdk-16\bin\server

VM Arguments:
java_command: os2.PC
java_class_path (initial): C:\Users\dell\Desktop\A2_OS\target\classes
Launcher Type: SUN_STANDARD

[Global flags]
     intx CICompilerCount                          = 4                                         {product} {ergonomic}
     uint ConcGCThreads                            = 2                                         {product} {ergonomic}
     uint G1ConcRefinementThreads                  = 8                                         {product} {ergonomic}
   size_t G1HeapRegionSize                         = 2097152                                   {product} {ergonomic}
    uintx GCDrainStackTargetSize                   = 64                                        {product} {ergonomic}
   size_t InitialHeapSize                          = 266338304                                 {product} {ergonomic}
   size_t MarkStackSize                            = 4194304                                   {product} {ergonomic}
   size_t MaxHeapSize                              = 4250927104                                {product} {ergonomic}
   size_t MinHeapDeltaBytes                        = 2097152                                   {product} {ergonomic}
   size_t MinHeapSize                              = 8388608                                   {product} {ergonomic}
    uintx NonNMethodCodeHeapSize                   = 5839372                                {pd product} {ergonomic}
    uintx NonProfiledCodeHeapSize                  = 122909434                              {pd product} {ergonomic}
    uintx ProfiledCodeHeapSize                     = 122909434                              {pd product} {ergonomic}
    uintx ReservedCodeCacheSize                    = 251658240                              {pd product} {ergonomic}
     bool SegmentedCodeCache                       = true                                      {product} {ergonomic}
   size_t SoftMaxHeapSize                          = 4250927104                             {manageable} {ergonomic}
     bool UseCompressedClassPointers               = true                           {product lp64_product} {ergonomic}
     bool UseCompressedOops                        = true                           {product lp64_product} {ergonomic}
     bool UseG1GC                                  = true                                      {product} {ergonomic}
     bool UseLargePagesIndividualAllocation        = false                                  {pd product} {ergonomic}

Logging:
Log output configuration:
 #0: stdout all=warning uptime,level,tags
 #1: stderr all=off uptime,level,tags

Environment Variables:
JAVA_HOME=C:\Program Files\Java\jdk-16
PATH=C:\Program Files\Common Files\Oracle\Java\javapath;C:\Python\Python39\Scripts\;C:\Python\Python39\;C:\WINDOWS\system32;C:\WINDOWS;C:\WINDOWS\System32\Wbem;C:\WINDOWS\System32\WindowsPowerShell\v1.0\;C:\WINDOWS\System32\OpenSSH\;C:\Program Files\swipl\bin;C:\Program Files\Microsoft SQL Server\Client SDK\ODBC\170\Tools\Binn\;C:\Program Files (x86)\Microsoft SQL Server\150\Tools\Binn\;C:\Program Files\Microsoft SQL Server\150\Tools\Binn\;C:\Program Files\Microsoft SQL Server\150\DTS\Binn\;C:\Program Files\Microsoft SQL Server\Client SDK\ODBC\110\Tools\Binn\;C:\Program Files (x86)\Microsoft SQL Server\120\Tools\Binn\;C:\Program Files\Microsoft SQL Server\120\Tools\Binn\;C:\Program Files\Microsoft SQL Server\120\DTS\Binn\;C:\Program Files (x86)\Microsoft SQL Server\120\Tools\Binn\ManagementStudio\;C:\Program Files (x86)\Microsoft SQL Server\120\DTS\Binn\;C:\Program Files\MATLAB\MATLAB Production Server\R2015a\runtime\win64;C:\Program Files\MATLAB\MATLAB Production Server\R2015a\bin;C:\Program Files\MATLAB\MATLAB Production Server\R2015a\polyspace\bin;C:\Python\Python39\;C:\Users\dell\Desktop\pythonProject\venv\Scripts\;C:\Users\dell\AppData\Local\activestate\cache\bin;C:\Users\dell\AppData\Local\ActiveState\StateTool\release;C:\Users\dell\AppData\Local\Microsoft\WindowsApps;C:\PyCharm 2020.2.3\bin;C:\PyCharm Community Edition 2020.2.3\bin;C:\Microsoft VS Code\bin;C:\Users\dell\AppData\Local\atom\bin;C:\Users\dell\Desktop\STL_proj\bin.win32;;%USERPROFILE%\AppData\Local\Microsoft\WindowsApps
USERNAME=dell
OS=Windows_NT
PROCESSOR_IDENTIFIER=Intel64 Family 6 Model 158 Stepping 10, GenuineIntel



---------------  S Y S T E M  ---------------

OS:
 Windows 10 , 64 bit Build 19041 (10.0.19041.1889)
OS uptime: 0 days 1:01 hours

CPU: total 8 (initial active 8) (4 cores per cpu, 2 threads per core) family 6 model 158 stepping 10 microcode 0xd6, cx8, cmov, fxsr, ht, mmx, 3dnowpref, sse, sse2, sse3, ssse3, sse4.1, sse4.2, popcnt, lzcnt, tsc, tscinvbit, avx, avx2, aes, erms, clmul, bmi1, bmi2, adx, fma, vzeroupper, clflush, clflushopt

Memory: 4k page, system-wide physical 16212M (4645M free)
TotalPageFile size 22356M (AvailPageFile size 5M)
current process WorkingSet (physical memory assigned to process): 10M, peak: 10M
current process commit charge ("private bytes"): 318M, peak: 322M

vm_info: Java HotSpot(TM) 64-Bit Server VM (16+36-2231) for windows-amd64 JRE (16+36-2231), built on Feb  8 2021 11:43:10 by "mach5one" with MS VC++ 16.7 (VS2019)

END.
