#
# There is insufficient memory for the Java Runtime Environment to continue.
# Native memory allocation (mmap) failed to map 266338304 bytes for G1 virtual space
# Possible reasons:
#   The system is out of physical RAM or swap space
#   The process is running with CompressedOops enabled, and the Java Heap may be blocking the growth of the native heap
# Possible solutions:
#   Reduce memory load on the system
#   Increase physical memory or swap space
#   Check if swap backing store is full
#   Decrease Java heap size (-Xmx/-Xms)
#   Decrease number of Java threads
#   Decrease Java thread stack sizes (-Xss)
#   Set larger code cache with -XX:ReservedCodeCacheSize=
#   JVM is running with Zero Based Compressed Oops mode in which the Java heap is
#     placed in the first 32GB address space. The Java Heap base address is the
#     maximum limit for the native heap growth. Please use -XX:HeapBaseMinAddress
#     to set the Java Heap base and to place the Java Heap above 32GB virtual address.
# This output file may be truncated or incomplete.
#
#  Out of Memory Error (os_windows.cpp:3466), pid=20912, tid=17236
#
# JRE version:  (16.0+36) (build )
# Java VM: Java HotSpot(TM) 64-Bit Server VM (16+36-2231, mixed mode, sharing, tiered, compressed oops, g1 gc, windows-amd64)
# No core dump will be written. Minidumps are not enabled by default on client versions of Windows
#

---------------  S U M M A R Y ------------

Command Line: -Dclassworlds.conf=C:\Program Files\NetBeans-12.3\netbeans\java\maven\bin\..\bin\m2.conf -Dmaven.home=C:\Program Files\NetBeans-12.3\netbeans\java\maven\bin\.. -Dlibrary.jansi.path=C:\Program Files\NetBeans-12.3\netbeans\java\maven\bin\..\lib\jansi-native -Dmaven.multiModuleProjectDirectory=C:\Users\dell\Desktop\A2_OS org.codehaus.plexus.classworlds.launcher.Launcher -Dexec.args=-classpath %classpath os2.PC -Dexec.executable=C:\Program Files\Java\jdk-16\bin\java.exe -Dmaven.ext.class.path=C:\Program Files\NetBeans-12.3\netbeans\java\maven-nblib\netbeans-eventspy.jar -Dfile.encoding=UTF-8 process-classes org.codehaus.mojo:exec-maven-plugin:3.0.0:exec

Host: Intel(R) Core(TM) i5-9300H CPU @ 2.40GHz, 8 cores, 15G,  Windows 10 , 64 bit Build 19041 (10.0.19041.1889)
Time: Thu Aug 18 19:54:35 2022 Egypt Standard Time elapsed time: 0.008096 seconds (0d 0h 0m 0s)

---------------  T H R E A D  ---------------

Current thread (0x00000258060973d0):  JavaThread "Unknown thread" [_thread_in_vm, id=17236, stack(0x0000008f15c00000,0x0000008f15d00000)]

Stack: [0x0000008f15c00000,0x0000008f15d00000]
Native frames: (J=compiled Java code, j=interpreted, Vv=VM code, C=native code)
V  [jvm.dll+0x6681da]
V  [jvm.dll+0x7c9d99]
V  [jvm.dll+0x7cb4d3]
V  [jvm.dll+0x7cbb33]
V  [jvm.dll+0x242ee5]
V  [jvm.dll+0x664f99]
V  [jvm.dll+0x659b85]
V  [jvm.dll+0x2fbfcb]
V  [jvm.dll+0x3031c6]
V  [jvm.dll+0x352a0e]
V  [jvm.dll+0x352c3f]
V  [jvm.dll+0x2d3038]
V  [jvm.dll+0x2d4274]
V  [jvm.dll+0x79c691]
V  [jvm.dll+0x3607b1]
V  [jvm.dll+0x77a370]
V  [jvm.dll+0x3e501f]
V  [jvm.dll+0x3e6af1]
C  [jli.dll+0x52fb]
C  [ucrtbase.dll+0x21bb2]
C  [KERNEL32.DLL+0x17034]
C  [ntdll.dll+0x52651]


---------------  P R O C E S S  ---------------

Threads class SMR info:
_java_thread_list=0x00007ffe1a2bcbb8, length=0, elements={
}

Java Threads: ( => current thread )

Other Threads:
  0x00000258060e6d10 GCTaskThread "GC Thread#0" [stack: 0x0000008f15d00000,0x0000008f15e00000] [id=12712]
  0x00000258060f8ab0 ConcurrentGCThread "G1 Main Marker" [stack: 0x0000008f15e00000,0x0000008f15f00000] [id=10032]
  0x00000258060f9520 ConcurrentGCThread "G1 Conc#0" [stack: 0x0000008f15f00000,0x0000008f16000000] [id=8776]

[error occurred during error reporting (printing all threads), id 0xc0000005, EXCEPTION_ACCESS_VIOLATION (0xc0000005) at pc=0x00007ffe19a93ef7]

VM state: not at safepoint (not fully initialized)

VM Mutex/Monitor currently owned by a thread:  ([mutex/lock_event])
[0x0000025806093510] Heap_lock - owner thread: 0x00000258060973d0

Heap address: 0x0000000702a00000, size: 4054 MB, Compressed Oops mode: Zero based, Oop shift amount: 3
CDS archive(s) mapped at: [0x0000000000000000-0x0000000000000000-0x0000000000000000), size 0, SharedBaseAddress: 0x0000000800000000, ArchiveRelocationMode: 0.
Narrow klass base: 0x0000000000000000, Narrow klass shift: 0, Narrow klass range: 0x0

GC Precious Log:
<Empty>

Heap:
 garbage-first heap   total 0K, used 0K [0x0000000702a00000, 0x0000000800000000)
  region size 2048K, 0 young (0K), 0 survivors (0K)

[error occurred during error reporting (printing heap information), id 0xc0000005, EXCEPTION_ACCESS_VIOLATION (0xc0000005) at pc=0x00007ffe19e71edd]

GC Heap History (0 events):
No events

Deoptimization events (0 events):
No events

Classes unloaded (0 events):
No events

Classes redefined (0 events):
No events

Internal exceptions (0 events):
No events

Events (1 events):
Event: 0.005 Loaded shared library C:\Program Files\Java\jdk-16\bin\java.dll


Dynamic libraries:
0x00007ff7556d0000 - 0x00007ff7556e0000 	C:\Program Files\Java\jdk-16\bin\java.exe
0x00007ffe6b910000 - 0x00007ffe6bb08000 	C:\WINDOWS\SYSTEM32\ntdll.dll
0x00007ffe6b6b0000 - 0x00007ffe6b76d000 	C:\WINDOWS\System32\KERNEL32.DLL
0x00007ffe694b0000 - 0x00007ffe6977e000 	C:\WINDOWS\System32\KERNELBASE.dll
0x00007ffe69840000 - 0x00007ffe69940000 	C:\WINDOWS\System32\ucrtbase.dll
0x00007ffe61510000 - 0x00007ffe61529000 	C:\Program Files\Java\jdk-16\bin\VCRUNTIME140.dll
0x00007ffe54e60000 - 0x00007ffe54e78000 	C:\Program Files\Java\jdk-16\bin\jli.dll
0x00007ffe6a370000 - 0x00007ffe6a41e000 	C:\WINDOWS\System32\ADVAPI32.dll
0x00007ffe6b780000 - 0x00007ffe6b81e000 	C:\WINDOWS\System32\msvcrt.dll
0x00007ffe6a860000 - 0x00007ffe6a8fc000 	C:\WINDOWS\System32\sechost.dll
0x00007ffe699a0000 - 0x00007ffe69ac5000 	C:\WINDOWS\System32\RPCRT4.dll
0x00007ffe6a420000 - 0x00007ffe6a5c0000 	C:\WINDOWS\System32\USER32.dll
0x00007ffe4b9d0000 - 0x00007ffe4bc6a000 	C:\WINDOWS\WinSxS\amd64_microsoft.windows.common-controls_6595b64144ccf1df_6.0.19041.1110_none_60b5254171f9507e\COMCTL32.dll
0x00007ffe69940000 - 0x00007ffe69962000 	C:\WINDOWS\System32\win32u.dll
0x00007ffe69970000 - 0x00007ffe6999a000 	C:\WINDOWS\System32\GDI32.dll
0x00007ffe69140000 - 0x00007ffe6924b000 	C:\WINDOWS\System32\gdi32full.dll
0x00007ffe690a0000 - 0x00007ffe6913d000 	C:\WINDOWS\System32\msvcp_win.dll
0x00007ffe5fef0000 - 0x00007ffe5fefa000 	C:\WINDOWS\SYSTEM32\VERSION.dll
0x00007ffe6a340000 - 0x00007ffe6a370000 	C:\WINDOWS\System32\IMM32.DLL
0x00007ffe61500000 - 0x00007ffe6150c000 	C:\Program Files\Java\jdk-16\bin\vcruntime140_1.dll
0x00007ffe34e50000 - 0x00007ffe34ee1000 	C:\Program Files\Java\jdk-16\bin\msvcp140.dll
0x00007ffe197b0000 - 0x00007ffe1a35b000 	C:\Program Files\Java\jdk-16\bin\server\jvm.dll
0x00007ffe6aab0000 - 0x00007ffe6aab8000 	C:\WINDOWS\System32\PSAPI.DLL
0x00007ffe536c0000 - 0x00007ffe536e7000 	C:\WINDOWS\SYSTEM32\WINMM.dll
0x00007ffe60da0000 - 0x00007ffe60da9000 	C:\WINDOWS\SYSTEM32\WSOCK32.dll
0x00007ffe6b040000 - 0x00007ffe6b0ab000 	C:\WINDOWS\System32\WS2_32.dll
0x00007ffe67910000 - 0x00007ffe67922000 	C:\WINDOWS\SYSTEM32\kernel.appcore.dll
0x00007ffe60eb0000 - 0x00007ffe60eba000 	C:\Program Files\Java\jdk-16\bin\jimage.dll
0x00007ffe675f0000 - 0x00007ffe677d4000 	C:\WINDOWS\SYSTEM32\DBGHELP.DLL
0x00007ffe52170000 - 0x00007ffe5219c000 	C:\WINDOWS\SYSTEM32\dbgcore.DLL
0x00007ffe697b0000 - 0x00007ffe69832000 	C:\WINDOWS\System32\bcryptPrimitives.dll
0x00007ffe49b00000 - 0x00007ffe49b25000 	C:\Program Files\Java\jdk-16\bin\java.dll

dbghelp: loaded successfully - version: 4.0.5 - missing functions: none
symbol engine: initialized successfully - sym options: 0x614 - pdb path: .;C:\Program Files\Java\jdk-16\bin;C:\WINDOWS\SYSTEM32;C:\WINDOWS\WinSxS\amd64_microsoft.windows.common-controls_6595b64144ccf1df_6.0.19041.1110_none_60b5254171f9507e;C:\Program Files\Java\jdk-16\bin\server

VM Arguments:
jvm_args: -Dclassworlds.conf=C:\Program Files\NetBeans-12.3\netbeans\java\maven\bin\..\bin\m2.conf -Dmaven.home=C:\Program Files\NetBeans-12.3\netbeans\java\maven\bin\.. -Dlibrary.jansi.path=C:\Program Files\NetBeans-12.3\netbeans\java\maven\bin\..\lib\jansi-native -Dmaven.multiModuleProjectDirectory=C:\Users\dell\Desktop\A2_OS 
java_command: org.codehaus.plexus.classworlds.launcher.Launcher -Dexec.args=-classpath %classpath os2.PC -Dexec.executable=C:\Program Files\Java\jdk-16\bin\java.exe -Dmaven.ext.class.path=C:\Program Files\NetBeans-12.3\netbeans\java\maven-nblib\netbeans-eventspy.jar -Dfile.encoding=UTF-8 process-classes org.codehaus.mojo:exec-maven-plugin:3.0.0:exec
java_class_path (initial): C:\Program Files\NetBeans-12.3\netbeans\java\maven\bin\..\boot\plexus-classworlds-2.6.0.jar
Launcher Type: SUN_STANDARD

[Global flags]
     intx CICompilerCount                          = 4                                         {product} {ergonomic}
     uint ConcGCThreads                            = 2                                         {product} {ergonomic}
     uint G1ConcRefinementThreads                  = 8                                         {product} {ergonomic}
   size_t G1HeapRegionSize                         = 2097152                                   {product} {ergonomic}
    uintx GCDrainStackTargetSize                   = 64                                        {product} {ergonomic}
   size_t InitialHeapSize                          = 266338304                                 {product} {ergonomic}
   size_t MarkStackSize                            = 4194304                                   {product} {ergonomic}
   size_t MaxHeapSize                              = 4250927104                                {product} {ergonomic}
   size_t MinHeapDeltaBytes                        = 2097152                                   {product} {ergonomic}
   size_t MinHeapSize                              = 8388608                                   {product} {ergonomic}
    uintx NonNMethodCodeHeapSize                   = 5839372                                {pd product} {ergonomic}
    uintx NonProfiledCodeHeapSize                  = 122909434                              {pd product} {ergonomic}
    uintx ProfiledCodeHeapSize                     = 122909434                              {pd product} {ergonomic}
    uintx ReservedCodeCacheSize                    = 251658240                              {pd product} {ergonomic}
     bool SegmentedCodeCache                       = true                                      {product} {ergonomic}
   size_t SoftMaxHeapSize                          = 4250927104                             {manageable} {ergonomic}
     bool UseCompressedClassPointers               = true                           {product lp64_product} {ergonomic}
     bool UseCompressedOops                        = true                           {product lp64_product} {ergonomic}
     bool UseG1GC                                  = true                                      {product} {ergonomic}
     bool UseLargePagesIndividualAllocation        = false                                  {pd product} {ergonomic}

Logging:
Log output configuration:
 #0: stdout all=warning uptime,level,tags
 #1: stderr all=off uptime,level,tags

Environment Variables:
JAVA_HOME=C:\Program Files\Java\jdk-16
PATH=C:\Program Files\Common Files\Oracle\Java\javapath;C:\Python\Python39\Scripts\;C:\Python\Python39\;C:\WINDOWS\system32;C:\WINDOWS;C:\WINDOWS\System32\Wbem;C:\WINDOWS\System32\WindowsPowerShell\v1.0\;C:\WINDOWS\System32\OpenSSH\;C:\Program Files\swipl\bin;C:\Program Files\Microsoft SQL Server\Client SDK\ODBC\170\Tools\Binn\;C:\Program Files (x86)\Microsoft SQL Server\150\Tools\Binn\;C:\Program Files\Microsoft SQL Server\150\Tools\Binn\;C:\Program Files\Microsoft SQL Server\150\DTS\Binn\;C:\Program Files\Microsoft SQL Server\Client SDK\ODBC\110\Tools\Binn\;C:\Program Files (x86)\Microsoft SQL Server\120\Tools\Binn\;C:\Program Files\Microsoft SQL Server\120\Tools\Binn\;C:\Program Files\Microsoft SQL Server\120\DTS\Binn\;C:\Program Files (x86)\Microsoft SQL Server\120\Tools\Binn\ManagementStudio\;C:\Program Files (x86)\Microsoft SQL Server\120\DTS\Binn\;C:\Program Files\MATLAB\MATLAB Production Server\R2015a\runtime\win64;C:\Program Files\MATLAB\MATLAB Production Server\R2015a\bin;C:\Program Files\MATLAB\MATLAB Production Server\R2015a\polyspace\bin;C:\Python\Python39\;C:\Users\dell\Desktop\pythonProject\venv\Scripts\;C:\Users\dell\AppData\Local\activestate\cache\bin;C:\Users\dell\AppData\Local\ActiveState\StateTool\release;C:\Users\dell\AppData\Local\Microsoft\WindowsApps;C:\PyCharm 2020.2.3\bin;C:\PyCharm Community Edition 2020.2.3\bin;C:\Microsoft VS Code\bin;C:\Users\dell\AppData\Local\atom\bin;C:\Users\dell\Desktop\STL_proj\bin.win32;;%USERPROFILE%\AppData\Local\Microsoft\WindowsApps
USERNAME=dell
OS=Windows_NT
PROCESSOR_IDENTIFIER=Intel64 Family 6 Model 158 Stepping 10, GenuineIntel



---------------  S Y S T E M  ---------------

OS:
 Windows 10 , 64 bit Build 19041 (10.0.19041.1889)
OS uptime: 0 days 4:22 hours

CPU: total 8 (initial active 8) (4 cores per cpu, 2 threads per core) family 6 model 158 stepping 10 microcode 0xd6, cx8, cmov, fxsr, ht, mmx, 3dnowpref, sse, sse2, sse3, ssse3, sse4.1, sse4.2, popcnt, lzcnt, tsc, tscinvbit, avx, avx2, aes, erms, clmul, bmi1, bmi2, adx, fma, vzeroupper, clflush, clflushopt

Memory: 4k page, system-wide physical 16212M (5971M free)
TotalPageFile size 22328M (AvailPageFile size 124M)
current process WorkingSet (physical memory assigned to process): 10M, peak: 10M
current process commit charge ("private bytes"): 60M, peak: 314M

vm_info: Java HotSpot(TM) 64-Bit Server VM (16+36-2231) for windows-amd64 JRE (16+36-2231), built on Feb  8 2021 11:43:10 by "mach5one" with MS VC++ 16.7 (VS2019)

END.
